<?xml version="1.0" encoding="UTF-8"?>
<!-- Generated by org.testng.reporters.JUnitXMLReporter -->
<testsuite ignored="0" hostname="DESKTOP-HK92NKF" failures="0" tests="4" name="Test" time="33.577" errors="0" timestamp="2023-06-19T14:01:31 IST">
  <testcase classname="Test_NG_class.TestNG_class2" name="Createaccount" time="15.125"/>
  <testcase classname="Test_NG_class.TestNG_class2" name="LogIn" time="11.954"/>
  <testcase classname="Test_NG_class.TestNG_class2" name="main" time="3.727"/>
  <testcase classname="Test_NG_class.NewTest" name="f1" time="2.67"/>
</testsuite> <!-- Test -->
